15/12/2017--05:26:06--PM--Sleeping while monitoring 
15/12/2017--05:26:06--PM--new .py file detected in check folder
15/12/2017--05:26:06--PM--sleeping in kmltokmz
15/12/2017--05:26:07--PM--Monitoring starts in findkmz
15/12/2017--05:26:07--PM--No change to the folder
15/12/2017--05:26:07--PM--Sleeping while monitoring 
15/12/2017--05:26:08--PM--kml file is written into find folder
15/12/2017--05:26:08--PM--Monitoring starts in findkmz
15/12/2017--05:26:08--PM--No change to the folder
15/12/2017--05:26:08--PM--Sleeping while monitoring 
15/12/2017--05:26:08--PM--kmz file is written into findkmz folder
15/12/2017--05:26:08--PM--new .py file detected in check folder
15/12/2017--05:26:08--PM--sleeping in kmltokmz
15/12/2017--05:26:09--PM--Monitoring starts in findkmz
15/12/2017--05:26:09--PM--New KMZ files are added
15/12/2017--05:26:09--PM--Sleeping while monitoring 
15/12/2017--05:26:09--PM--kml file is written into find folder
15/12/2017--05:26:09--PM--kmz file is written into findkmz folder
15/12/2017--05:26:09--PM--new .py file detected in check folder
15/12/2017--05:26:09--PM--sleeping in kmltokmz
15/12/2017--05:26:11--PM--Monitoring starts in findkmz
15/12/2017--05:26:11--PM--New KMZ files are added
15/12/2017--05:26:11--PM--Sleeping while monitoring 
15/12/2017--05:26:11--PM--kml file is written into find folder
15/12/2017--05:26:11--PM--kmz file is written into findkmz folder
15/12/2017--05:26:11--PM--new .py file detected in check folder
15/12/2017--05:26:11--PM--sleeping in kmltokmz
15/12/2017--05:26:12--PM--kml file is written into find folder
15/12/2017--05:26:12--PM--kmz file is written into findkmz folder
15/12/2017--05:26:12--PM--new .py file detected in check folder
15/12/2017--05:26:12--PM--sleeping in kmltokmz
15/12/2017--05:26:13--PM--Monitoring starts in findkmz
15/12/2017--05:26:13--PM--New KMZ files are added
15/12/2017--05:26:13--PM--Sleeping while monitoring 
15/12/2017--05:26:13--PM--kml file is written into find folder
15/12/2017--05:26:13--PM--kmz file is written into findkmz folder
15/12/2017--05:26:13--PM--new .py file detected in check folder
15/12/2017--05:26:13--PM--sleeping in kmltokmz
15/12/2017--05:26:15--PM--kml file is written into find folder
15/12/2017--05:26:15--PM--kmz file is written into findkmz folder
15/12/2017--05:26:15--PM--new .py file detected in check folder
15/12/2017--05:26:15--PM--sleeping in kmltokmz
15/12/2017--05:26:16--PM--Monitoring starts in findkmz
15/12/2017--05:26:16--PM--New KMZ files are added
15/12/2017--05:26:16--PM--Sleeping while monitoring 
15/12/2017--05:26:17--PM--Monitoring starts in findkmz
15/12/2017--05:26:17--PM--No change to the folder
15/12/2017--05:26:17--PM--Sleeping while monitoring 
15/12/2017--05:26:17--PM--kml file is written into find folder
15/12/2017--05:26:17--PM--kmz file is written into findkmz folder
15/12/2017--05:26:17--PM--new .py file detected in check folder
15/12/2017--05:26:17--PM--sleeping in kmltokmz
15/12/2017--05:26:18--PM--kml file is written into find folder
15/12/2017--05:26:18--PM--kmz file is written into findkmz folder
15/12/2017--05:26:18--PM--new .py file detected in check folder
15/12/2017--05:26:18--PM--sleeping in kmltokmz
15/12/2017--05:26:19--PM--kml file is written into find folder
15/12/2017--05:26:19--PM--kmz file is written into findkmz folder
15/12/2017--05:26:19--PM--new .py file detected in check folder
15/12/2017--05:26:19--PM--sleeping in kmltokmz
15/12/2017--05:26:20--PM--Monitoring starts in findkmz
15/12/2017--05:26:20--PM--New KMZ files are added
15/12/2017--05:26:20--PM--Sleeping while monitoring 
15/12/2017--05:26:20--PM--kml file is written into find folder
15/12/2017--05:26:20--PM--kmz file is written into findkmz folder
15/12/2017--05:26:21--PM--Monitoring starts in findkmz
15/12/2017--05:26:21--PM--New KMZ files are added
15/12/2017--05:26:21--PM--Sleeping while monitoring 
15/12/2017--05:26:23--PM--Monitoring starts in findkmz
15/12/2017--05:26:23--PM--No change to the folder
15/12/2017--05:26:23--PM--Sleeping while monitoring 
15/12/2017--05:26:26--PM--Monitoring starts in findkmz
15/12/2017--05:26:26--PM--No change to the folder
15/12/2017--05:26:26--PM--Sleeping while monitoring 
